<?xml version="1.0" encoding="utf-8"?><testsuites><testsuite name="pytest" errors="0" failures="0" skipped="0" tests="11" time="1.874" timestamp="2025-03-07T20:29:12.609921" hostname="991c575336f6"><testcase classname="app.tests.test_movies" name="test_create_movie_success" time="0.116" /><testcase classname="app.tests.test_movies" name="test_create_movie_missing_field" time="0.028" /><testcase classname="app.tests.test_movies" name="test_create_movie_cast_not_found" time="0.030" /><testcase classname="app.tests.test_movies" name="test_get_all_movies_success" time="0.035" /><testcase classname="app.tests.test_movies" name="test_get_movie_success" time="0.035" /><testcase classname="app.tests.test_movies" name="test_get_movie_not_found" time="0.036" /><testcase classname="app.tests.test_movies" name="test_get_movie_invalid_id" time="0.031" /><testcase classname="app.tests.test_movies" name="test_update_movie_success" time="0.047" /><testcase classname="app.tests.test_movies" name="test_update_movie_not_found" time="0.041" /><testcase classname="app.tests.test_movies" name="test_delete_movie_success" time="0.038" /><testcase classname="app.tests.test_movies" name="test_delete_movie_not_found" time="0.035" /></testsuite></testsuites>