<?xml version="1.0" encoding="utf-8"?><testsuites><testsuite name="pytest" errors="0" failures="0" skipped="0" tests="6" time="1.649" timestamp="2025-03-07T20:31:43.462028" hostname="67c66dbeef41"><testcase classname="app.tests.test_casts" name="test_create_cast_success" time="0.125" /><testcase classname="app.tests.test_casts" name="test_create_cast_missing_name" time="0.011" /><testcase classname="app.tests.test_casts" name="test_create_cast_name_too_long" time="0.012" /><testcase classname="app.tests.test_casts" name="test_get_cast_success" time="0.012" /><testcase classname="app.tests.test_casts" name="test_get_cast_not_found" time="0.011" /><testcase classname="app.tests.test_casts" name="test_get_cast_invalid_id" time="0.012" /></testsuite></testsuites>